<?xml version="1.0"?>
<psalm
  autoloader="htdocs/autoload-psalm.php"
  xmlns:xsi="http://www.w3.org/2001/XMLSchema-instance"
  xmlns="https://getpsalm.org/schema/config"
  xsi:schemaLocation="https://getpsalm.org/schema/config file:///app/vendor/vimeo/psalm/config.xsd">

  <projectFiles>
    <directory name="htdocs/modules/custom"/>
    <directory name="htdocs/themes/custom"/>

    <ignoreFiles allowMissingFiles="true">
      <directory name="vendor"/>
      <directory name="htdocs/core"/>
      <directory name="htdocs/modules/contrib"/>
      <directory name="htdocs/themes/contrib"/>
      <directory name="htdocs/themes/custom/*/node_modules"/>
    </ignoreFiles>
  </projectFiles>

  <fileExtensions>
    <extension name="php"/>
    <extension name="module"/>
    <extension name="inc"/>
    <extension name="theme"/>
  </fileExtensions>

  <issueHandlers>
    <!-- level 3 issues - slightly lazy code writing, but provably low false-negatives -->
    <DeprecatedInterface errorLevel="info"/>
    <PropertyNotSetInConstructor errorLevel="info"/>
    <NoInterfaceProperties errorLevel="info"/>
    <MoreSpecificReturnType errorLevel="info"/>
    <LessSpecificReturnStatement errorLevel="info"/>
    <MissingConstructor errorLevel="info"/>

    <!-- Do not take into account errors with Drupal\Tests\UnitTestCase -->
    <!--  https://github.com/vimeo/psalm/issues/841#issuecomment-401668742  -->
    <!--    <UndefinedClass>-->
    <!--      <errorLevel type="suppress">-->
    <!--        <directory name="htdocs/modules/custom/*/tests" />-->
    <!--      </errorLevel>-->
    <!--    </UndefinedClass>-->

    <!-- Do not take into account undefined methods in tests (results from the above) -->
    <!--    <UndefinedMethod>-->
    <!--      <errorLevel type="suppress">-->
    <!--        <directory name="htdocs/modules/custom/*/tests" />-->
    <!--      </errorLevel>-->
    <!--    </UndefinedMethod>-->

    <!--    <MissingDependency>-->
    <!--      <errorLevel type="suppress">-->
    <!--        <directory name="htdocs/modules/custom/*/tests" />-->
    <!--      </errorLevel>-->
    <!--    </MissingDependency>-->

    <!-- Suppress some errors -->
    <!-- @see https://github.com/vimeo/psalm/blob/master/docs/dealing_with_code_issues.md -->

    <!-- Do not take into account errors with Drupal\Tests\UnitTestCase -->
    <!--    <UndefinedClass>-->
    <!--      <errorLevel type="suppress">-->
    <!--        <directory name="htdocs/modules/custom/*/tests" />-->
    <!--      </errorLevel>-->
    <!--    </UndefinedClass>-->

    <!-- Do not take into account undefined methods in tests (results from the above) -->
    <!--    <UndefinedMethod>-->
    <!--      <errorLevel type="suppress">-->
    <!--        <directory name="htdocs/modules/custom/*/tests" />-->
    <!--      </errorLevel>-->
    <!--    </UndefinedMethod>-->
  </issueHandlers>

</psalm>
